<?xml version="1.0" encoding="UTF-8"?>
<testsuite xmlns:xsi="http://www.w3.org/2001/XMLSchema-instance" xsi:noNamespaceSchemaLocation="https://maven.apache.org/surefire/maven-surefire-plugin/xsd/surefire-test-report-3.0.xsd" version="3.0" name="com.example.AppTest" time="0.026" tests="1" errors="0" skipped="0" failures="0">
  <properties>
    <property name="java.specification.version" value="22"/>
    <property name="sun.jnu.encoding" value="UTF-8"/>
    <property name="java.class.path" value="/home/yeabsira/MyProjects/Kotlin/learing/my-kotlin-project/target/test-classes:/home/yeabsira/MyProjects/Kotlin/learing/my-kotlin-project/target/classes:/home/yeabsira/.m2/repository/org/jetbrains/kotlin/kotlin-stdlib/1.3.50/kotlin-stdlib-1.3.50.jar:/home/yeabsira/.m2/repository/org/jetbrains/kotlin/kotlin-stdlib-common/1.3.50/kotlin-stdlib-common-1.3.50.jar:/home/yeabsira/.m2/repository/org/jetbrains/annotations/13.0/annotations-13.0.jar:/home/yeabsira/.m2/repository/org/jetbrains/kotlin/kotlin-test-junit/1.3.50/kotlin-test-junit-1.3.50.jar:/home/yeabsira/.m2/repository/org/jetbrains/kotlin/kotlin-test-annotations-common/1.3.50/kotlin-test-annotations-common-1.3.50.jar:/home/yeabsira/.m2/repository/org/jetbrains/kotlin/kotlin-test/1.3.50/kotlin-test-1.3.50.jar:/home/yeabsira/.m2/repository/org/jetbrains/kotlin/kotlin-test-common/1.3.50/kotlin-test-common-1.3.50.jar:/home/yeabsira/.m2/repository/junit/junit/4.12/junit-4.12.jar:/home/yeabsira/.m2/repository/org/hamcrest/hamcrest-core/1.3/hamcrest-core-1.3.jar:"/>
    <property name="java.vm.vendor" value="Arch Linux"/>
    <property name="sun.arch.data.model" value="64"/>
    <property name="java.vendor.url" value="https://openjdk.org/"/>
    <property name="os.name" value="Linux"/>
    <property name="java.vm.specification.version" value="22"/>
    <property name="sun.java.launcher" value="SUN_STANDARD"/>
    <property name="user.country" value="US"/>
    <property name="sun.boot.library.path" value="/usr/lib/jvm/java-22-openjdk/lib"/>
    <property name="sun.java.command" value="/home/yeabsira/MyProjects/Kotlin/learing/my-kotlin-project/target/surefire/surefirebooter-20240828222140221_3.jar /home/yeabsira/MyProjects/Kotlin/learing/my-kotlin-project/target/surefire 2024-08-28T22-21-40_182-jvmRun1 surefire-20240828222140221_1tmp surefire_0-20240828222140221_2tmp"/>
    <property name="jdk.debug" value="release"/>
    <property name="surefire.test.class.path" value="/home/yeabsira/MyProjects/Kotlin/learing/my-kotlin-project/target/test-classes:/home/yeabsira/MyProjects/Kotlin/learing/my-kotlin-project/target/classes:/home/yeabsira/.m2/repository/org/jetbrains/kotlin/kotlin-stdlib/1.3.50/kotlin-stdlib-1.3.50.jar:/home/yeabsira/.m2/repository/org/jetbrains/kotlin/kotlin-stdlib-common/1.3.50/kotlin-stdlib-common-1.3.50.jar:/home/yeabsira/.m2/repository/org/jetbrains/annotations/13.0/annotations-13.0.jar:/home/yeabsira/.m2/repository/org/jetbrains/kotlin/kotlin-test-junit/1.3.50/kotlin-test-junit-1.3.50.jar:/home/yeabsira/.m2/repository/org/jetbrains/kotlin/kotlin-test-annotations-common/1.3.50/kotlin-test-annotations-common-1.3.50.jar:/home/yeabsira/.m2/repository/org/jetbrains/kotlin/kotlin-test/1.3.50/kotlin-test-1.3.50.jar:/home/yeabsira/.m2/repository/org/jetbrains/kotlin/kotlin-test-common/1.3.50/kotlin-test-common-1.3.50.jar:/home/yeabsira/.m2/repository/junit/junit/4.12/junit-4.12.jar:/home/yeabsira/.m2/repository/org/hamcrest/hamcrest-core/1.3/hamcrest-core-1.3.jar:"/>
    <property name="sun.cpu.endian" value="little"/>
    <property name="user.home" value="/home/yeabsira"/>
    <property name="user.language" value="en"/>
    <property name="java.specification.vendor" value="Oracle Corporation"/>
    <property name="java.version.date" value="2024-07-16"/>
    <property name="java.home" value="/usr/lib/jvm/java-22-openjdk"/>
    <property name="file.separator" value="/"/>
    <property name="basedir" value="/home/yeabsira/MyProjects/Kotlin/learing/my-kotlin-project"/>
    <property name="java.vm.compressedOopsMode" value="Zero based"/>
    <property name="line.separator" value="&#10;"/>
    <property name="java.specification.name" value="Java Platform API Specification"/>
    <property name="java.vm.specification.vendor" value="Oracle Corporation"/>
    <property name="surefire.real.class.path" value="/home/yeabsira/MyProjects/Kotlin/learing/my-kotlin-project/target/surefire/surefirebooter-20240828222140221_3.jar"/>
    <property name="sun.management.compiler" value="HotSpot 64-Bit Tiered Compilers"/>
    <property name="java.runtime.version" value="22.0.2+9"/>
    <property name="user.name" value="yeabsira"/>
    <property name="stdout.encoding" value="UTF-8"/>
    <property name="path.separator" value=":"/>
    <property name="os.version" value="6.10.6-arch1-1"/>
    <property name="java.runtime.name" value="OpenJDK Runtime Environment"/>
    <property name="file.encoding" value="UTF-8"/>
    <property name="java.vm.name" value="OpenJDK 64-Bit Server VM"/>
    <property name="localRepository" value="/home/yeabsira/.m2/repository"/>
    <property name="java.vendor.url.bug" value="https://bugreport.java.com/bugreport/"/>
    <property name="java.io.tmpdir" value="/tmp"/>
    <property name="java.version" value="22.0.2"/>
    <property name="user.dir" value="/home/yeabsira/MyProjects/Kotlin/learing/my-kotlin-project"/>
    <property name="os.arch" value="amd64"/>
    <property name="java.vm.specification.name" value="Java Virtual Machine Specification"/>
    <property name="native.encoding" value="UTF-8"/>
    <property name="java.library.path" value="/usr/java/packages/lib:/usr/lib64:/lib64:/lib:/usr/lib"/>
    <property name="java.vm.info" value="mixed mode, sharing"/>
    <property name="stderr.encoding" value="UTF-8"/>
    <property name="java.vendor" value="Arch Linux"/>
    <property name="java.vm.version" value="22.0.2+9"/>
    <property name="sun.io.unicode.encoding" value="UnicodeLittle"/>
    <property name="java.class.version" value="66.0"/>
  </properties>
  <testcase name="testGreet" classname="com.example.AppTest" time="0.002"/>
</testsuite>